core/build/intermediates/manifest_merge_blame_file/debug/manifest-merger-blame-debug-report.txt
1<?xml version="1.0" encoding="utf-8"?>
2<!--
3  ~ Copyright (c) 2015, Nordic Semiconductor
4  ~ All rights reserved.
5  ~
6  ~ Redistribution and use in source and binary forms, with or without modification, are permitted provided that the following conditions are met:
7  ~
8  ~ 1. Redistributions of source code must retain the above copyright notice, this list of conditions and the following disclaimer.
9  ~
10  ~ 2. Redistributions in binary form must reproduce the above copyright notice, this list of conditions and the following disclaimer in the
11  ~ documentation and/or other materials provided with the distribution.
12  ~
13  ~ 3. Neither the name of the copyright holder nor the names of its contributors may be used to endorse or promote products derived from this
14  ~ software without specific prior written permission.
15  ~
16  ~ THIS SOFTWARE IS PROVIDED BY THE COPYRIGHT HOLDERS AND CONTRIBUTORS "AS IS" AND ANY EXPRESS OR IMPLIED WARRANTIES, INCLUDING, BUT NOT
17  ~ LIMITED TO, THE IMPLIED WARRANTIES OF MERCHANTABILITY AND FITNESS FOR A PARTICULAR PURPOSE ARE DISCLAIMED. IN NO EVENT SHALL THE COPYRIGHT
18  ~ HOLDER OR CONTRIBUTORS BE LIABLE FOR ANY DIRECT, INDIRECT, INCIDENTAL, SPECIAL, EXEMPLARY, OR CONSEQUENTIAL DAMAGES (INCLUDING, BUT NOT
19  ~ LIMITED TO, PROCUREMENT OF SUBSTITUTE GOODS OR SERVICES; LOSS OF USE, DATA, OR PROFITS; OR BUSINESS INTERRUPTION) HOWEVER CAUSED AND ON
20  ~ ANY THEORY OF LIABILITY, WHETHER IN CONTRACT, STRICT LIABILITY, OR TORT (INCLUDING NEGLIGENCE OR OTHERWISE) ARISING IN ANY WAY OUT OF THE
21  ~ USE OF THIS SOFTWARE, EVEN IF ADVISED OF THE POSSIBILITY OF SUCH DAMAGE.
22-->
23<manifest xmlns:android="http://schemas.android.com/apk/res/android"
24    package="org.sralab.emgimu.config"
25    android:installLocation="auto"
26    android:sharedUserId="org.sralab.emgimu" >
27
28    <uses-sdk
29        android:minSdkVersion="26"
29-->src\main\AndroidManifest.xml
30        android:targetSdkVersion="28" />
30-->src\main\AndroidManifest.xml
31
32    <uses-permission android:name="android.permission.WRITE_EXTERNAL_STORAGE" />
32-->src\main\AndroidManifest.xml:27:5-81
32-->src\main\AndroidManifest.xml:27:22-78
33    <uses-permission android:name="android.permission.WRITE_SETTINGS" />
33-->src\main\AndroidManifest.xml:28:5-73
33-->src\main\AndroidManifest.xml:28:22-70
34    <uses-permission android:name="android.permission.BLUETOOTH" />
34-->src\main\AndroidManifest.xml:29:5-68
34-->src\main\AndroidManifest.xml:29:22-65
35    <uses-permission android:name="android.permission.BLUETOOTH_ADMIN" />
35-->src\main\AndroidManifest.xml:30:5-74
35-->src\main\AndroidManifest.xml:30:22-71
36    <uses-permission android:name="android.permission.ACCESS_COARSE_LOCATION" />
36-->src\main\AndroidManifest.xml:31:5-81
36-->src\main\AndroidManifest.xml:31:22-78
37    <uses-permission android:name="no.nordicsemi.android.LOG" />
37-->src\main\AndroidManifest.xml:32:5-65
37-->src\main\AndroidManifest.xml:32:22-62
38
39    <uses-feature
39-->src\main\AndroidManifest.xml:34:5-36:35
40        android:name="android.hardware.bluetooth_le"
40-->src\main\AndroidManifest.xml:35:9-53
41        android:required="true" />
41-->src\main\AndroidManifest.xml:36:9-32
42
43    <application
43-->src\main\AndroidManifest.xml:38:5-78:19
44        android:allowBackup="true"
44-->src\main\AndroidManifest.xml:39:9-35
45        android:fullBackupContent="true"
45-->src\main\AndroidManifest.xml:40:9-41
46        android:icon="@mipmap/ic_launcher"
46-->src\main\AndroidManifest.xml:42:9-43
47        android:label="@string/app_name"
47-->src\main\AndroidManifest.xml:41:9-41
48        android:roundIcon="@mipmap/ic_launcher_round"
48-->src\main\AndroidManifest.xml:43:9-54
49        android:theme="@style/AppTheme" >
49-->src\main\AndroidManifest.xml:44:9-40
50        <activity
50-->src\main\AndroidManifest.xml:45:9-57:20
51            android:name="org.sralab.emgimu.launcher.LauncherActivity"
51-->src\main\AndroidManifest.xml:46:13-71
52            android:icon="@mipmap/ic_launcher"
52-->src\main\AndroidManifest.xml:49:13-47
53            android:label="@string/app_name"
53-->src\main\AndroidManifest.xml:47:13-45
54            android:launchMode="singleTask"
54-->src\main\AndroidManifest.xml:48:13-44
55            android:roundIcon="@mipmap/ic_launcher_round"
55-->src\main\AndroidManifest.xml:50:13-58
56            android:theme="@style/AppTheme.TranslucentStatusBar" >
56-->src\main\AndroidManifest.xml:51:13-65
57            <intent-filter>
57-->src\main\AndroidManifest.xml:52:13-56:29
58                <action android:name="android.intent.action.MAIN" />
58-->src\main\AndroidManifest.xml:53:17-69
58-->src\main\AndroidManifest.xml:53:25-66
59
60                <category android:name="android.intent.category.LAUNCHER" />
60-->src\main\AndroidManifest.xml:55:17-77
60-->src\main\AndroidManifest.xml:55:27-74
61            </intent-filter>
62        </activity>
63        <activity
63-->src\main\AndroidManifest.xml:58:9-67:20
64            android:name="org.sralab.emgimu.config.ConfigActivity"
64-->src\main\AndroidManifest.xml:59:13-43
65            android:icon="@drawable/ic_config"
65-->src\main\AndroidManifest.xml:60:13-47
66            android:label="@string/title_activity_config"
66-->src\main\AndroidManifest.xml:61:13-58
67            android:launchMode="singleTask" >
67-->src\main\AndroidManifest.xml:62:13-44
68            <intent-filter>
68-->src\main\AndroidManifest.xml:63:13-66:29
69                <action android:name="android.intent.action.MAIN" />
69-->src\main\AndroidManifest.xml:53:17-69
69-->src\main\AndroidManifest.xml:53:25-66
70
71                <category android:name="org.sralab.emgimu.LAUNCHER" />
71-->src\main\AndroidManifest.xml:65:17-71
71-->src\main\AndroidManifest.xml:65:27-68
72            </intent-filter>
73        </activity>
74        <activity
74-->src\main\AndroidManifest.xml:69:9-77:20
75            android:name="org.sralab.emgimu.mve.MaxEMGActivity"
75-->src\main\AndroidManifest.xml:70:13-64
76            android:icon="@drawable/ic_mve"
76-->src\main\AndroidManifest.xml:72:13-44
77            android:label="@string/title_activity_max_emg" >
77-->src\main\AndroidManifest.xml:71:13-59
78            <intent-filter>
78-->src\main\AndroidManifest.xml:63:13-66:29
79                <action android:name="android.intent.action.MAIN" />
79-->src\main\AndroidManifest.xml:53:17-69
79-->src\main\AndroidManifest.xml:53:25-66
80
81                <category android:name="org.sralab.emgimu.LAUNCHER" />
81-->src\main\AndroidManifest.xml:65:17-71
81-->src\main\AndroidManifest.xml:65:27-68
82            </intent-filter>
83        </activity>
84    </application>
85
86</manifest>